lik
lık
li
lı
lu
lü
siz
sız
suz
süz
cil
cıl
cul
cül
çil
çıl
çul
çül
cık
cik
cuk
cük
çık
çik
çuk
çük
daş
deş
taş
teş
ıncı
inci
oncu
üncü
sal
sel
ıt
it
ut
üt
tı
ti
tu
tü
la
le
lan
len
al
el
l
a
e
ar
er
da
de
k
kır
kir
msa
mse
l
ma
me
n
r
t
ş
dır
dir
a
e
ala
ele
ar
er
ı
ü
k
p
gan
gen
gı
gi
gın
gin
ı
i
ıcı
ici
ış
iş
k
m
ma
me
mak
mek
tı
ti
a
e
ağan
eğen
ak
ek
alak
elek
amak
emek
anak
enek
ca
ce
ç
aç
eç
dı
di
tı
ti
ga
ge
gaç
geç
gıç
giç
maca
mece
maç
meç
man
men
mık
mik
n
t
am
baç
mur
sak
van
acak
ecek
an
en
ar
er
ası
esi
dık
dik
maz
mez
mış
miş
r
a
alı
eli
arak
erek
dıkça
dikçe
dukça
dükçe
dıkca
dikce
dukca
dükçe
ı
i
u
ü
ınce
ince
unca
ünce
ıp
ip
up
üp
ken
madan
meden
lar
ler
gil
a
e
da
de
ta
te
dan
den
tan
ten
ın
in
un
ün
nın
nin
nun
nün
ca
ce
ça
çe
mış
miş
muş
müş
dı
di
du
dü
tı
ti
tu
tü
yor
acak
ecek
eceğ
acağ
r
ar
er
ır
ir
ur
ür

